<?xml version="1.0" encoding="UTF-8"?>
<testng-results ignored="0" total="1" passed="1" failed="0" skipped="0">
  <reporter-output>
  </reporter-output>
  <suite started-at="2020-12-04T19:11:58Z" name="testSuiteNew" finished-at="2020-12-04T19:12:27Z" duration-ms="29689">
    <groups>
    </groups>
    <test started-at="2020-12-04T19:11:58Z" name="testSuiteNew" finished-at="2020-12-04T19:12:27Z" duration-ms="29689">
      <class name="home_task33_main">
        <test-method is-config="true" signature="before()[pri:0, instance:home_task33_main@2893de87]" started-at="2020-12-04T19:11:58Z" name="before" finished-at="2020-12-04T19:12:11Z" duration-ms="13451" status="PASS">
          <reporter-output>
          </reporter-output>
        </test-method> <!-- before -->
        <test-method signature="testSelenide()[pri:0, instance:home_task33_main@2893de87]" started-at="2020-12-04T19:12:11Z" name="testSelenide" finished-at="2020-12-04T19:12:27Z" duration-ms="16197" status="PASS">
          <reporter-output>
          </reporter-output>
        </test-method> <!-- testSelenide -->
      </class> <!-- home_task33_main -->
    </test> <!-- testSuiteNew -->
  </suite> <!-- testSuiteNew -->
</testng-results>
